<?xml version="1.0" encoding="UTF-8"?>
<!-- Generated by org.testng.reporters.JUnitReportReporter -->
<testsuite hostname="DESKTOP-F2TT3DR" failures="0" tests="2" name="com.qa.testcases.RegisterTest" time="58.619" errors="0" timestamp="2024-08-26T01:00:06 PKT" skipped="0">
  <testcase classname="com.qa.testcases.RegisterTest" name="accountRegistration" time="26.580"/>
  <system-out/>
  <testcase classname="com.qa.testcases.RegisterTest" name="accountLogin" time="32.039"/>
  <system-out/>
</testsuite> <!-- com.qa.testcases.RegisterTest -->
