<?xml version="1.0" encoding="UTF-8"?>
<!-- Generated by org.testng.reporters.JUnitReportReporter -->
<testsuite hostname="DESKTOP-F2TT3DR" failures="0" tests="1" name="com.qa.testcases.RegistrationTest" time="29.376" errors="0" timestamp="2024-09-01T22:51:04 PKT" skipped="0">
  <testcase classname="com.qa.testcases.RegistrationTest" name="accountRegistration" time="29.376"/>
  <system-out/>
</testsuite> <!-- com.qa.testcases.RegistrationTest -->
